<?xml version="1.0" encoding="UTF-8"?>
<!-- Generated by org.testng.reporters.JUnitXMLReporter -->
<testsuite hostname="Akshay" ignored="0" name="Default test" tests="4" failures="0" timestamp="30 May 2021 08:15:50 GMT" time="0.109" errors="0">
  <testcase name="TestCase2" time="0.028" classname="testNG.TestNgBasic"/>
  <testcase name="TestCase2" time="0.004" classname="testNG.TestNgBasic"/>
  <testcase name="TestCase2" time="0.003" classname="testNG.TestNgBasic"/>
  <testcase name="TestCase1" time="0.004" classname="testNG.TestNgBasic"/>
</testsuite> <!-- Default test -->
