<?xml version="1.0" encoding="UTF-8"?>
<testng-results skipped="0" failed="0" ignored="0" total="4" passed="4">
  <reporter-output>
    <line>
      <![CDATA[test case 2 is running]]>
    </line>
    <line>
      <![CDATA[test case 2 is running]]>
    </line>
    <line>
      <![CDATA[test case 2 is running]]>
    </line>
    <line>
      <![CDATA[test case 1 running]]>
    </line>
  </reporter-output>
  <suite name="Default suite" duration-ms="109" started-at="2021-05-30T08:15:50Z" finished-at="2021-05-30T08:15:50Z">
    <groups>
    </groups>
    <test name="Default test" duration-ms="109" started-at="2021-05-30T08:15:50Z" finished-at="2021-05-30T08:15:50Z">
      <class name="testNG.TestNgBasic">
        <test-method status="PASS" signature="TestCase2()[pri:1, instance:testNG.TestNgBasic@482f8f11]" name="TestCase2" duration-ms="28" started-at="2021-05-30T13:45:50Z" finished-at="2021-05-30T13:45:50Z">
          <reporter-output>
            <line>
              <![CDATA[test case 2 is running]]>
            </line>
          </reporter-output>
        </test-method> <!-- TestCase2 -->
        <test-method status="PASS" signature="TestCase2()[pri:1, instance:testNG.TestNgBasic@482f8f11]" name="TestCase2" duration-ms="4" started-at="2021-05-30T13:45:50Z" finished-at="2021-05-30T13:45:50Z">
          <reporter-output>
            <line>
              <![CDATA[test case 2 is running]]>
            </line>
          </reporter-output>
        </test-method> <!-- TestCase2 -->
        <test-method status="PASS" signature="TestCase2()[pri:1, instance:testNG.TestNgBasic@482f8f11]" name="TestCase2" duration-ms="3" started-at="2021-05-30T13:45:50Z" finished-at="2021-05-30T13:45:50Z">
          <reporter-output>
            <line>
              <![CDATA[test case 2 is running]]>
            </line>
          </reporter-output>
        </test-method> <!-- TestCase2 -->
        <test-method status="PASS" signature="TestCase1()[pri:2, instance:testNG.TestNgBasic@482f8f11]" name="TestCase1" duration-ms="4" started-at="2021-05-30T13:45:50Z" finished-at="2021-05-30T13:45:50Z">
          <reporter-output>
            <line>
              <![CDATA[test case 1 running]]>
            </line>
          </reporter-output>
        </test-method> <!-- TestCase1 -->
      </class> <!-- testNG.TestNgBasic -->
    </test> <!-- Default test -->
  </suite> <!-- Default suite -->
</testng-results>
